Godot Engine v3.2.4.beta1.mono.official - https://godotengine.org
OpenGL ES 3.0 Renderer: GeForce 940MX/PCIe/SSE2
OpenGL ES Batching: ON
 
Mono: Log file is: 'C:\Users\ali-b\AppData\Roaming/Godot/mono/mono_logs/2020_11_07 17.45.42 (14928).txt'
Focus: [Button:1229]
   At: res://addons/godot-accessibility/Accessible.gd:550:focused()
**ERROR**: Can't change this state while flushing queries. Use call_deferred() or set_deferred() to change monitoring state instead.
   At: servers/physics_2d/physics_2d_server_sw.cpp:409:area_set_shape_disabled() - Condition "area->get_space() && flushing_queries" is true.
**ERROR**: Can't change this state while flushing queries. Use call_deferred() or set_deferred() to change monitoring state instead.
   At: servers/physics_2d/physics_2d_server_sw.cpp:409:area_set_shape_disabled() - Condition "area->get_space() && flushing_queries" is true.
**ERROR**: Can't change this state while flushing queries. Use call_deferred() or set_deferred() to change monitoring state instead.
   At: servers/physics_2d/physics_2d_server_sw.cpp:409:area_set_shape_disabled() - Condition "area->get_space() && flushing_queries" is true.
Focus: [Button:1229]
   At: res://addons/godot-accessibility/Accessible.gd:550:focused()
**ERROR**: Can't change this state while flushing queries. Use call_deferred() or set_deferred() to change monitoring state instead.
   At: servers/physics_2d/physics_2d_server_sw.cpp:409:area_set_shape_disabled() - Condition "area->get_space() && flushing_queries" is true.
**ERROR**: Can't change this state while flushing queries. Use call_deferred() or set_deferred() to change monitoring state instead.
   At: servers/physics_2d/physics_2d_server_sw.cpp:409:area_set_shape_disabled() - Condition "area->get_space() && flushing_queries" is true.
**ERROR**: Can't change this state while flushing queries. Use call_deferred() or set_deferred() to change monitoring state instead.
   At: servers/physics_2d/physics_2d_server_sw.cpp:409:area_set_shape_disabled() - Condition "area->get_space() && flushing_queries" is true.
Focus: [Button:1229]
   At: res://addons/godot-accessibility/Accessible.gd:550:focused()
**ERROR**: Can't change this state while flushing queries. Use call_deferred() or set_deferred() to change monitoring state instead.
   At: servers/physics_2d/physics_2d_server_sw.cpp:409:area_set_shape_disabled() - Condition "area->get_space() && flushing_queries" is true.
**ERROR**: Can't change this state while flushing queries. Use call_deferred() or set_deferred() to change monitoring state instead.
   At: servers/physics_2d/physics_2d_server_sw.cpp:409:area_set_shape_disabled() - Condition "area->get_space() && flushing_queries" is true.
